<?xml version="1.0" encoding="UTF-8"?>
<!-- Generated by org.testng.reporters.JUnitReportReporter -->
<testsuite hostname="CA-L1BJ9GB3" failures="0" tests="1" name="testCases.Test6_WebTable" time="1.161" errors="0" timestamp="2023-08-23T16:21:53 EDT" skipped="0">
  <testcase classname="testCases.Test6_WebTable" name="webTable" time="1.161"/>
</testsuite> <!-- testCases.Test6_WebTable -->
