<?xml version="1.0" encoding="UTF-8"?>
<!-- Generated by org.testng.reporters.JUnitReportReporter -->
<testsuite hostname="CA-L1BJ9GB3" failures="0" tests="2" name="testCases.Test2_ListGroup" time="0.733" errors="0" timestamp="2023-08-23T09:50:39 EDT" skipped="0">
  <testcase classname="testCases.Test2_ListGroup" name="threeValuesInListGroup" time="0.654"/>
  <testcase classname="testCases.Test2_ListGroup" name="verifySecondListItemValueSetToListItem2" time="0.079"/>
</testsuite> <!-- testCases.Test2_ListGroup -->
