<?xml version="1.0" encoding="UTF-8"?>
<!-- Generated by org.testng.reporters.JUnitReportReporter -->
<testsuite hostname="CA-L1BJ9GB3" failures="0" tests="1" name="testCases.Test4_ButtonEnableAndDisable" time="0.759" errors="0" timestamp="2023-08-23T16:15:12 EDT" skipped="0">
  <testcase classname="testCases.Test4_ButtonEnableAndDisable" name="verifybutton" time="0.759"/>
</testsuite> <!-- testCases.Test4_ButtonEnableAndDisable -->
