<?xml version="1.0" encoding="UTF-8"?>
<!-- Generated by org.testng.reporters.JUnitReportReporter -->
<testsuite hostname="CA-L1BJ9GB3" failures="0" tests="1" name="testCases.Test3_SelectList" time="5.862" errors="0" timestamp="2023-08-23T15:13:25 EDT" skipped="0">
  <testcase classname="testCases.Test3_SelectList" name="verifyOption1selectedByDefult" time="5.862"/>
</testsuite> <!-- testCases.Test3_SelectList -->
