<?xml version="1.0" encoding="UTF-8"?>
<!-- Generated by org.testng.reporters.JUnitReportReporter -->
<testsuite hostname="CA-L1BJ9GB3" failures="0" tests="1" name="testCases.Test5_ClickButtonVerifySuccessMessage" time="11.057" errors="0" timestamp="2023-08-23T14:40:45 EDT" skipped="0">
  <testcase classname="testCases.Test5_ClickButtonVerifySuccessMessage" name="buttonVerification" time="11.057"/>
</testsuite> <!-- testCases.Test5_ClickButtonVerifySuccessMessage -->
