<?xml version="1.0" encoding="UTF-8"?>
<!-- Generated by org.testng.reporters.JUnitReportReporter -->
<testsuite hostname="CA-L1BJ9GB3" failures="0" tests="1" name="testCases.Test1_SampleLogin" time="1.151" errors="0" timestamp="2023-08-23T16:39:28 EDT" skipped="0">
  <testcase classname="testCases.Test1_SampleLogin" name="signIn" time="1.151"/>
</testsuite> <!-- testCases.Test1_SampleLogin -->
